22:09:30.244 [main] INFO  testCases.TC_001_AccountRegistration - Home Page Displayed 
22:09:31.141 [main] INFO  testCases.TC_001_AccountRegistration - Clicked on My Account 
22:09:33.443 [main] INFO  testCases.TC_001_AccountRegistration - Clicked on Register 
22:09:33.785 [main] INFO  testCases.TC_001_AccountRegistration - Provided First Name 
22:09:34.056 [main] INFO  testCases.TC_001_AccountRegistration - Provided Last Name 
22:09:34.331 [main] INFO  testCases.TC_001_AccountRegistration - Provided Email 
22:09:34.631 [main] INFO  testCases.TC_001_AccountRegistration - Provided Telephone 
22:09:34.882 [main] INFO  testCases.TC_001_AccountRegistration - Provided Password 
22:09:35.189 [main] INFO  testCases.TC_001_AccountRegistration - Provided Confrmed Password 
22:09:35.326 [main] INFO  testCases.TC_001_AccountRegistration - Set Privacy Policy 
22:09:38.987 [main] INFO  testCases.TC_001_AccountRegistration - Clicked on Continue 
22:09:39.076 [main] INFO  testCases.TC_001_AccountRegistration - Account Registration Success 
22:09:39.080 [main] INFO  testCases.TC_001_AccountRegistration -  Finished TC_001_AccountRegistration 
22:09:43.610 [main] INFO  testCases.TC_002_Login - Launched Chrome Browser
22:09:43.817 [main] INFO  testCases.TC_002_Login -  Starting TC_002_Login 
22:09:46.469 [main] INFO  testCases.TC_002_Login - Home Page Displayed 
22:09:46.962 [main] INFO  testCases.TC_002_Login - Clicked on My Account 
22:09:48.380 [main] INFO  testCases.TC_002_Login - Clicked on Login 
22:09:48.742 [main] INFO  testCases.TC_002_Login - email provide
22:09:48.742 [main] ERROR testCases.TC_002_Login - Login Failed 
22:26:01.455 [main] INFO  testCases.TC_001_AccountRegistration - Launched Chrome Browser
22:26:01.748 [main] INFO  testCases.TC_001_AccountRegistration -  Starting TC_001_AccountRegistration 
22:26:06.046 [main] INFO  testCases.TC_001_AccountRegistration - Home Page Displayed 
22:26:06.825 [main] INFO  testCases.TC_001_AccountRegistration - Clicked on My Account 
22:26:08.765 [main] INFO  testCases.TC_001_AccountRegistration - Clicked on Register 
22:26:09.035 [main] INFO  testCases.TC_001_AccountRegistration - Provided First Name 
22:26:09.277 [main] INFO  testCases.TC_001_AccountRegistration - Provided Last Name 
22:26:09.575 [main] INFO  testCases.TC_001_AccountRegistration - Provided Email 
22:26:09.812 [main] INFO  testCases.TC_001_AccountRegistration - Provided Telephone 
22:26:10.094 [main] INFO  testCases.TC_001_AccountRegistration - Provided Password 
22:26:10.466 [main] INFO  testCases.TC_001_AccountRegistration - Provided Confrmed Password 
22:26:10.657 [main] INFO  testCases.TC_001_AccountRegistration - Set Privacy Policy 
22:26:14.550 [main] INFO  testCases.TC_001_AccountRegistration - Clicked on Continue 
22:26:14.685 [main] INFO  testCases.TC_001_AccountRegistration - Account Registration Success 
22:26:14.690 [main] INFO  testCases.TC_001_AccountRegistration -  Finished TC_001_AccountRegistration 
22:26:19.003 [main] INFO  testCases.TC_002_Login - Launched Chrome Browser
22:26:19.187 [main] INFO  testCases.TC_002_Login -  Starting TC_002_Login 
22:26:22.632 [main] INFO  testCases.TC_002_Login - Home Page Displayed 
22:26:23.162 [main] INFO  testCases.TC_002_Login - Clicked on My Account 
22:26:24.721 [main] INFO  testCases.TC_002_Login - Clicked on Login 
22:26:25.093 [main] INFO  testCases.TC_002_Login - email provide
22:26:25.094 [main] ERROR testCases.TC_002_Login - Login Failed 
22:32:33.144 [main] INFO  testCases.TC_001_AccountRegistration - Launched Chrome Browser
22:32:33.276 [main] INFO  testCases.TC_001_AccountRegistration -  Starting TC_001_AccountRegistration 
22:32:36.152 [main] INFO  testCases.TC_001_AccountRegistration - Home Page Displayed 
22:32:36.888 [main] INFO  testCases.TC_001_AccountRegistration - Clicked on My Account 
22:32:38.673 [main] INFO  testCases.TC_001_AccountRegistration - Clicked on Register 
22:32:38.946 [main] INFO  testCases.TC_001_AccountRegistration - Provided First Name 
22:32:39.260 [main] INFO  testCases.TC_001_AccountRegistration - Provided Last Name 
22:32:39.558 [main] INFO  testCases.TC_001_AccountRegistration - Provided Email 
22:32:39.828 [main] INFO  testCases.TC_001_AccountRegistration - Provided Telephone 
22:32:40.093 [main] INFO  testCases.TC_001_AccountRegistration - Provided Password 
22:32:40.392 [main] INFO  testCases.TC_001_AccountRegistration - Provided Confrmed Password 
22:32:40.557 [main] INFO  testCases.TC_001_AccountRegistration - Set Privacy Policy 
22:32:44.231 [main] INFO  testCases.TC_001_AccountRegistration - Clicked on Continue 
22:32:44.353 [main] INFO  testCases.TC_001_AccountRegistration - Account Registration Success 
22:32:44.359 [main] INFO  testCases.TC_001_AccountRegistration -  Finished TC_001_AccountRegistration 
22:32:48.736 [main] INFO  testCases.TC_002_Login - Launched Chrome Browser
22:32:48.758 [main] INFO  testCases.TC_002_Login -  Starting TC_002_Login 
22:32:51.826 [main] INFO  testCases.TC_002_Login - Home Page Displayed 
22:32:52.350 [main] INFO  testCases.TC_002_Login - Clicked on My Account 
22:32:53.563 [main] INFO  testCases.TC_002_Login - Clicked on Login 
22:32:53.912 [main] INFO  testCases.TC_002_Login - email provide
22:32:53.913 [main] ERROR testCases.TC_002_Login - Login Failed 
22:41:10.851 [main] INFO  testCases.TC_001_AccountRegistration - Launched Chrome Browser
22:41:10.951 [main] INFO  testCases.TC_001_AccountRegistration -  Starting TC_001_AccountRegistration 
22:41:13.416 [main] INFO  testCases.TC_001_AccountRegistration - Home Page Displayed 
22:41:14.088 [main] INFO  testCases.TC_001_AccountRegistration - Clicked on My Account 
22:41:16.073 [main] INFO  testCases.TC_001_AccountRegistration - Clicked on Register 
22:41:16.348 [main] INFO  testCases.TC_001_AccountRegistration - Provided First Name 
22:41:16.661 [main] INFO  testCases.TC_001_AccountRegistration - Provided Last Name 
22:41:16.965 [main] INFO  testCases.TC_001_AccountRegistration - Provided Email 
22:41:17.221 [main] INFO  testCases.TC_001_AccountRegistration - Provided Telephone 
22:41:17.498 [main] INFO  testCases.TC_001_AccountRegistration - Provided Password 
22:41:17.797 [main] INFO  testCases.TC_001_AccountRegistration - Provided Confrmed Password 
22:41:17.958 [main] INFO  testCases.TC_001_AccountRegistration - Set Privacy Policy 
22:41:22.099 [main] INFO  testCases.TC_001_AccountRegistration - Clicked on Continue 
22:41:22.207 [main] INFO  testCases.TC_001_AccountRegistration - Account Registration Success 
22:41:22.212 [main] INFO  testCases.TC_001_AccountRegistration -  Finished TC_001_AccountRegistration 
22:41:27.128 [main] INFO  testCases.TC_002_Login - Launched Chrome Browser
22:41:27.162 [main] INFO  testCases.TC_002_Login -  Starting TC_002_Login 
22:41:30.027 [main] INFO  testCases.TC_002_Login - Home Page Displayed 
22:41:30.545 [main] INFO  testCases.TC_002_Login - Clicked on My Account 
22:41:32.047 [main] INFO  testCases.TC_002_Login - Clicked on Login 
22:41:32.388 [main] INFO  testCases.TC_002_Login - Provided Email 
22:41:32.390 [main] ERROR testCases.TC_002_Login - Login Failed 
08:45:01.272 [main] INFO  testCases.TC_001_AccountRegistration - Launched Chrome Browser
08:45:01.438 [main] INFO  testCases.TC_001_AccountRegistration -  Starting TC_001_AccountRegistration 
08:45:11.698 [main] FATAL testCases.TC_001_AccountRegistration - Account Registration Failed 
08:45:23.383 [main] INFO  testCases.TC_002_Login - Launched Chrome Browser
08:45:23.457 [main] INFO  testCases.TC_002_Login -  Starting TC_002_Login 
08:45:31.855 [main] ERROR testCases.TC_002_Login - Login Failed 
08:46:08.337 [main] INFO  testCases.TC_001_AccountRegistration - Launched Chrome Browser
08:46:08.514 [main] INFO  testCases.TC_001_AccountRegistration -  Starting TC_001_AccountRegistration 
08:46:11.695 [main] INFO  testCases.TC_001_AccountRegistration - Home Page Displayed 
08:46:12.284 [main] INFO  testCases.TC_001_AccountRegistration - Clicked on My Account 
08:46:13.874 [main] INFO  testCases.TC_001_AccountRegistration - Clicked on Register 
08:46:14.227 [main] INFO  testCases.TC_001_AccountRegistration - Provided First Name 
08:46:14.495 [main] INFO  testCases.TC_001_AccountRegistration - Provided Last Name 
08:46:14.795 [main] INFO  testCases.TC_001_AccountRegistration - Provided Email 
08:46:15.088 [main] INFO  testCases.TC_001_AccountRegistration - Provided Telephone 
08:46:15.335 [main] INFO  testCases.TC_001_AccountRegistration - Provided Password 
08:46:15.666 [main] INFO  testCases.TC_001_AccountRegistration - Provided Confrmed Password 
08:46:15.839 [main] INFO  testCases.TC_001_AccountRegistration - Set Privacy Policy 
08:46:19.755 [main] INFO  testCases.TC_001_AccountRegistration - Clicked on Continue 
08:46:19.907 [main] INFO  testCases.TC_001_AccountRegistration - Account Registration Success 
08:46:19.912 [main] INFO  testCases.TC_001_AccountRegistration -  Finished TC_001_AccountRegistration 
08:46:24.383 [main] INFO  testCases.TC_002_Login - Launched Chrome Browser
08:46:24.415 [main] INFO  testCases.TC_002_Login -  Starting TC_002_Login 
08:46:26.640 [main] INFO  testCases.TC_002_Login - Home Page Displayed 
08:46:27.039 [main] INFO  testCases.TC_002_Login - Clicked on My Account 
08:46:28.374 [main] INFO  testCases.TC_002_Login - Clicked on Login 
08:46:28.737 [main] INFO  testCases.TC_002_Login - Provided Email 
08:46:28.738 [main] ERROR testCases.TC_002_Login - Login Failed 
09:08:52.771 [main] INFO  testCases.TC_002_Login - Launched Chrome Browser
09:08:52.942 [main] INFO  testCases.TC_002_Login -  Starting TC_002_Login 
09:08:56.990 [main] INFO  testCases.TC_002_Login - Home Page Displayed 
09:08:58.000 [main] INFO  testCases.TC_002_Login - Clicked on My Account 
09:09:00.375 [main] INFO  testCases.TC_002_Login - Clicked on Login 
09:09:00.888 [main] INFO  testCases.TC_002_Login - Provided Email 
09:09:00.890 [main] ERROR testCases.TC_002_Login - Login Failed 
09:14:26.330 [main] INFO  testCases.TC_002_Login - Launched Chrome Browser
09:14:26.861 [main] INFO  testCases.TC_002_Login -  Starting TC_002_Login 
09:14:32.786 [main] INFO  testCases.TC_002_Login - Home Page Displayed 
09:14:34.102 [main] INFO  testCases.TC_002_Login - Clicked on My Account 
09:14:37.422 [main] INFO  testCases.TC_002_Login - Clicked on Login 
09:14:38.152 [main] INFO  testCases.TC_002_Login - Provided Email 
09:14:38.690 [main] INFO  testCases.TC_002_Login -  provided password
09:14:41.354 [main] INFO  testCases.TC_002_Login - clicked on login
09:14:41.675 [main] INFO  testCases.TC_002_Login - login sucess
09:14:41.679 [main] INFO  testCases.TC_002_Login - Finished TC_002_Login 
16:02:18.622 [main] INFO  testCases.TC_002_Login - Launched Chrome Browser
16:02:18.825 [main] INFO  testCases.TC_002_Login -  Starting TC_002_Login 
16:02:23.315 [main] INFO  testCases.TC_002_Login - Home Page Displayed 
16:02:24.421 [main] INFO  testCases.TC_002_Login - Clicked on My Account 
16:02:26.296 [main] INFO  testCases.TC_002_Login - Clicked on Login 
16:02:26.673 [main] INFO  testCases.TC_002_Login - Provided Email 
16:02:26.944 [main] INFO  testCases.TC_002_Login -  provided password
16:02:28.782 [main] INFO  testCases.TC_002_Login - clicked on login
16:02:28.937 [main] INFO  testCases.TC_002_Login - login sucess
16:02:28.942 [main] INFO  testCases.TC_002_Login - Finished TC_002_Login 
17:43:26.888 [main] INFO  testCases.TC_003_LoginDDT - Launched Chrome Browser
17:43:31.466 [main] INFO  testCases.TC_003_LoginDDT -  Starting TC_003_LoginDDT 
17:43:34.811 [main] INFO  testCases.TC_003_LoginDDT - Home Page Displayed 
17:43:35.552 [main] INFO  testCases.TC_003_LoginDDT - Clicked on My Account 
17:43:37.241 [main] INFO  testCases.TC_003_LoginDDT - Clicked on Login 
17:43:37.644 [main] INFO  testCases.TC_003_LoginDDT - Provided Email 
17:43:37.945 [main] INFO  testCases.TC_003_LoginDDT - Provided Password 
17:43:39.592 [main] INFO  testCases.TC_003_LoginDDT - Clicked on Login
17:43:39.831 [main] INFO  testCases.TC_003_LoginDDT - Login Success 
17:43:41.422 [main] INFO  testCases.TC_003_LoginDDT -  Finished TC_003_LoginDDT 
17:43:41.530 [main] INFO  testCases.TC_003_LoginDDT -  Starting TC_003_LoginDDT 
17:43:43.021 [main] INFO  testCases.TC_003_LoginDDT - Home Page Displayed 
17:43:43.244 [main] INFO  testCases.TC_003_LoginDDT - Clicked on My Account 
17:43:44.856 [main] INFO  testCases.TC_003_LoginDDT - Clicked on Login 
17:43:45.271 [main] INFO  testCases.TC_003_LoginDDT - Provided Email 
17:43:45.523 [main] INFO  testCases.TC_003_LoginDDT - Provided Password 
17:43:46.798 [main] INFO  testCases.TC_003_LoginDDT - Clicked on Login
17:43:56.916 [main] ERROR testCases.TC_003_LoginDDT - Login Failed 
17:43:56.917 [main] INFO  testCases.TC_003_LoginDDT -  Finished TC_003_LoginDDT 
17:43:56.984 [main] INFO  testCases.TC_003_LoginDDT -  Starting TC_003_LoginDDT 
17:43:59.899 [main] INFO  testCases.TC_003_LoginDDT - Home Page Displayed 
17:44:00.380 [main] INFO  testCases.TC_003_LoginDDT - Clicked on My Account 
17:44:03.298 [main] INFO  testCases.TC_003_LoginDDT - Clicked on Login 
17:44:03.881 [main] INFO  testCases.TC_003_LoginDDT - Provided Email 
17:44:04.371 [main] INFO  testCases.TC_003_LoginDDT - Provided Password 
17:44:06.697 [main] INFO  testCases.TC_003_LoginDDT - Clicked on Login
17:44:16.727 [main] ERROR testCases.TC_003_LoginDDT - Login Failed 
17:44:16.727 [main] INFO  testCases.TC_003_LoginDDT -  Finished TC_003_LoginDDT 
17:44:16.755 [main] INFO  testCases.TC_003_LoginDDT -  Starting TC_003_LoginDDT 
17:44:18.031 [main] INFO  testCases.TC_003_LoginDDT - Home Page Displayed 
17:44:18.279 [main] INFO  testCases.TC_003_LoginDDT - Clicked on My Account 
17:44:19.471 [main] INFO  testCases.TC_003_LoginDDT - Clicked on Login 
17:44:19.771 [main] INFO  testCases.TC_003_LoginDDT - Provided Email 
17:44:19.954 [main] INFO  testCases.TC_003_LoginDDT - Provided Password 
17:44:21.025 [main] INFO  testCases.TC_003_LoginDDT - Clicked on Login
17:44:31.109 [main] ERROR testCases.TC_003_LoginDDT - Login Failed 
17:44:31.109 [main] INFO  testCases.TC_003_LoginDDT -  Finished TC_003_LoginDDT 
18:37:33.963 [main] INFO  testCases.TC_001_AccountRegistration - Launched Chrome Browser
18:37:34.895 [main] INFO  testCases.TC_001_AccountRegistration -  Starting TC_001_AccountRegistration 
18:38:14.439 [main] INFO  testCases.TC_001_AccountRegistration - Home Page Displayed 
18:38:16.231 [main] INFO  testCases.TC_001_AccountRegistration - Clicked on My Account 
18:38:26.412 [main] INFO  testCases.TC_001_AccountRegistration - Clicked on Register 
18:38:26.905 [main] INFO  testCases.TC_001_AccountRegistration - Provided First Name 
18:38:27.266 [main] INFO  testCases.TC_001_AccountRegistration - Provided Last Name 
18:38:28.051 [main] INFO  testCases.TC_001_AccountRegistration - Provided Email 
18:38:28.336 [main] INFO  testCases.TC_001_AccountRegistration - Provided Telephone 
18:38:28.598 [main] INFO  testCases.TC_001_AccountRegistration - Provided Password 
18:38:28.868 [main] INFO  testCases.TC_001_AccountRegistration - Provided Confrmed Password 
18:38:29.084 [main] INFO  testCases.TC_001_AccountRegistration - Set Privacy Policy 
18:38:33.991 [main] INFO  testCases.TC_001_AccountRegistration - Clicked on Continue 
18:38:34.097 [main] INFO  testCases.TC_001_AccountRegistration - Account Registration Success 
18:38:34.101 [main] INFO  testCases.TC_001_AccountRegistration -  Finished TC_001_AccountRegistration 
18:38:41.059 [main] INFO  testCases.TC_002_Login - Launched Chrome Browser
18:38:41.127 [main] INFO  testCases.TC_002_Login -  Starting TC_002_Login 
18:38:45.316 [main] INFO  testCases.TC_002_Login - Home Page Displayed 
18:38:45.836 [main] INFO  testCases.TC_002_Login - Clicked on My Account 
18:38:48.062 [main] INFO  testCases.TC_002_Login - Clicked on Login 
18:38:48.503 [main] INFO  testCases.TC_002_Login - Provided Email 
18:38:48.738 [main] INFO  testCases.TC_002_Login -  provided password
18:38:50.578 [main] INFO  testCases.TC_002_Login - clicked on login
18:38:51.054 [main] INFO  testCases.TC_002_Login - login sucess
18:38:51.056 [main] INFO  testCases.TC_002_Login - Finished TC_002_Login 
18:42:27.649 [main] INFO  testCases.TC_002_Login - Launched Chrome Browser
18:42:28.687 [main] INFO  testCases.TC_002_Login -  Starting TC_002_Login 
18:42:40.615 [main] INFO  testCases.TC_002_Login - Home Page Displayed 
18:42:43.762 [main] INFO  testCases.TC_002_Login - Clicked on My Account 
18:42:49.954 [main] INFO  testCases.TC_002_Login - Clicked on Login 
18:42:51.278 [main] INFO  testCases.TC_002_Login - Provided Email 
18:42:52.071 [main] INFO  testCases.TC_002_Login -  provided password
18:42:58.075 [main] INFO  testCases.TC_002_Login - clicked on login
18:42:58.638 [main] INFO  testCases.TC_002_Login - login sucess
18:42:58.645 [main] INFO  testCases.TC_002_Login - Finished TC_002_Login 
18:53:16.323 [main] INFO  testCases.TC_001_AccountRegistration - Launched Chrome Browser
18:53:17.115 [main] INFO  testCases.TC_001_AccountRegistration -  Starting TC_001_AccountRegistration 
18:53:25.873 [main] INFO  testCases.TC_001_AccountRegistration - Home Page Displayed 
18:53:26.992 [main] INFO  testCases.TC_001_AccountRegistration - Clicked on My Account 
18:53:33.436 [main] INFO  testCases.TC_001_AccountRegistration - Clicked on Register 
18:53:34.974 [main] INFO  testCases.TC_001_AccountRegistration - Provided First Name 
18:53:35.869 [main] INFO  testCases.TC_001_AccountRegistration - Provided Last Name 
18:53:36.863 [main] INFO  testCases.TC_001_AccountRegistration - Provided Email 
18:53:37.631 [main] INFO  testCases.TC_001_AccountRegistration - Provided Telephone 
18:53:38.355 [main] INFO  testCases.TC_001_AccountRegistration - Provided Password 
18:53:39.020 [main] INFO  testCases.TC_001_AccountRegistration - Provided Confrmed Password 
18:53:39.604 [main] INFO  testCases.TC_001_AccountRegistration - Set Privacy Policy 
18:53:51.371 [main] INFO  testCases.TC_001_AccountRegistration - Clicked on Continue 
18:53:52.375 [main] ERROR testCases.TC_001_AccountRegistration - Account Registration Failed 
18:54:05.397 [main] INFO  testCases.TC_002_Login - Launched Chrome Browser
18:54:05.473 [main] INFO  testCases.TC_002_Login -  Starting TC_002_Login 
18:54:15.734 [main] INFO  testCases.TC_002_Login - Home Page Displayed 
18:54:16.667 [main] INFO  testCases.TC_002_Login - Clicked on My Account 
18:54:20.189 [main] INFO  testCases.TC_002_Login - Clicked on Login 
18:54:20.941 [main] INFO  testCases.TC_002_Login - Provided Email 
18:54:21.519 [main] INFO  testCases.TC_002_Login -  provided password
18:54:24.649 [main] INFO  testCases.TC_002_Login - clicked on login
18:54:25.065 [main] INFO  testCases.TC_002_Login - login sucess
18:54:25.065 [main] INFO  testCases.TC_002_Login - Finished TC_002_Login 
18:56:30.652 [main] INFO  testCases.TC_001_AccountRegistration - Launched Chrome Browser
18:56:31.075 [main] INFO  testCases.TC_001_AccountRegistration -  Starting TC_001_AccountRegistration 
18:56:42.657 [main] INFO  testCases.TC_001_AccountRegistration - Home Page Displayed 
18:56:45.425 [main] INFO  testCases.TC_001_AccountRegistration - Clicked on My Account 
18:56:56.532 [main] INFO  testCases.TC_001_AccountRegistration - Clicked on Register 
18:56:58.082 [main] INFO  testCases.TC_001_AccountRegistration - Provided First Name 
18:56:59.457 [main] INFO  testCases.TC_001_AccountRegistration - Provided Last Name 
18:57:00.447 [main] INFO  testCases.TC_001_AccountRegistration - Provided Email 
18:57:01.236 [main] INFO  testCases.TC_001_AccountRegistration - Provided Telephone 
18:57:02.081 [main] INFO  testCases.TC_001_AccountRegistration - Provided Password 
18:57:02.766 [main] INFO  testCases.TC_001_AccountRegistration - Provided Confrmed Password 
18:57:03.308 [main] INFO  testCases.TC_001_AccountRegistration - Set Privacy Policy 
18:57:11.905 [main] INFO  testCases.TC_001_AccountRegistration - Clicked on Continue 
18:57:12.509 [main] INFO  testCases.TC_001_AccountRegistration - Account Registration Success 
18:57:12.539 [main] INFO  testCases.TC_001_AccountRegistration -  Finished TC_001_AccountRegistration 
19:00:09.886 [main] INFO  testCases.TC_001_AccountRegistration - Launched Chrome Browser
19:00:10.596 [main] INFO  testCases.TC_001_AccountRegistration -  Starting TC_001_AccountRegistration 
19:00:23.724 [main] INFO  testCases.TC_001_AccountRegistration - Home Page Displayed 
19:00:25.586 [main] INFO  testCases.TC_001_AccountRegistration - Clicked on My Account 
19:00:38.122 [main] INFO  testCases.TC_001_AccountRegistration - Clicked on Register 
19:00:40.941 [main] INFO  testCases.TC_001_AccountRegistration - Provided First Name 
19:00:41.699 [main] INFO  testCases.TC_001_AccountRegistration - Provided Last Name 
19:00:43.027 [main] INFO  testCases.TC_001_AccountRegistration - Provided Email 
19:00:44.008 [main] INFO  testCases.TC_001_AccountRegistration - Provided Telephone 
19:00:44.762 [main] INFO  testCases.TC_001_AccountRegistration - Provided Password 
19:00:45.543 [main] INFO  testCases.TC_001_AccountRegistration - Provided Confrmed Password 
19:00:45.923 [main] INFO  testCases.TC_001_AccountRegistration - Set Privacy Policy 
19:00:53.953 [main] INFO  testCases.TC_001_AccountRegistration - Clicked on Continue 
19:00:54.204 [main] INFO  testCases.TC_001_AccountRegistration - Account Registration Success 
19:00:54.210 [main] INFO  testCases.TC_001_AccountRegistration -  Finished TC_001_AccountRegistration 
19:01:09.772 [main] INFO  testCases.TC_002_Login - Launched Chrome Browser
19:01:10.204 [main] INFO  testCases.TC_002_Login -  Starting TC_002_Login 
19:01:24.141 [main] INFO  testCases.TC_002_Login - Home Page Displayed 
19:01:25.107 [main] INFO  testCases.TC_002_Login - Clicked on My Account 
19:01:30.628 [main] INFO  testCases.TC_002_Login - Clicked on Login 
19:01:33.582 [main] INFO  testCases.TC_002_Login - Provided Email 
19:01:33.583 [main] ERROR testCases.TC_002_Login - Login Failed 
19:50:57.946 [main] INFO  testCases.TC_001_AccountRegistration - Launched Chrome Browser
19:50:58.735 [main] INFO  testCases.TC_001_AccountRegistration -  Starting TC_001_AccountRegistration 
19:51:08.245 [main] INFO  testCases.TC_001_AccountRegistration - Home Page Displayed 
19:51:09.445 [main] INFO  testCases.TC_001_AccountRegistration - Clicked on My Account 
19:51:16.316 [main] INFO  testCases.TC_001_AccountRegistration - Clicked on Register 
19:51:17.140 [main] INFO  testCases.TC_001_AccountRegistration - Provided First Name 
19:51:18.532 [main] INFO  testCases.TC_001_AccountRegistration - Provided Last Name 
19:51:19.722 [main] INFO  testCases.TC_001_AccountRegistration - Provided Email 
19:51:20.523 [main] INFO  testCases.TC_001_AccountRegistration - Provided Telephone 
19:51:21.121 [main] INFO  testCases.TC_001_AccountRegistration - Provided Password 
19:51:21.642 [main] INFO  testCases.TC_001_AccountRegistration - Provided Confrmed Password 
19:51:21.929 [main] INFO  testCases.TC_001_AccountRegistration - Set Privacy Policy 
19:51:29.387 [main] INFO  testCases.TC_001_AccountRegistration - Clicked on Continue 
19:51:29.766 [main] INFO  testCases.TC_001_AccountRegistration - Account Registration Success 
19:51:29.788 [main] INFO  testCases.TC_001_AccountRegistration -  Finished TC_001_AccountRegistration 
19:51:41.296 [main] INFO  testCases.TC_002_Login - Launched Chrome Browser
19:51:41.360 [main] INFO  testCases.TC_002_Login -  Starting TC_002_Login 
19:51:49.317 [main] INFO  testCases.TC_002_Login - Home Page Displayed 
19:51:50.374 [main] INFO  testCases.TC_002_Login - Clicked on My Account 
19:51:54.300 [main] INFO  testCases.TC_002_Login - Clicked on Login 
19:51:54.974 [main] INFO  testCases.TC_002_Login - Provided Email 
19:51:55.547 [main] INFO  testCases.TC_002_Login -  provided password
19:51:58.686 [main] INFO  testCases.TC_002_Login - clicked on login
19:51:59.235 [main] INFO  testCases.TC_002_Login - login sucess
19:51:59.236 [main] INFO  testCases.TC_002_Login - Finished TC_002_Login 
20:08:32.810 [main] INFO  testCases.TC_001_AccountRegistration - Launched Chrome Browser
20:08:32.954 [main] INFO  testCases.TC_001_AccountRegistration -  Starting TC_001_AccountRegistration 
20:08:35.712 [main] INFO  testCases.TC_001_AccountRegistration - Home Page Displayed 
20:08:36.620 [main] INFO  testCases.TC_001_AccountRegistration - Clicked on My Account 
20:08:38.664 [main] INFO  testCases.TC_001_AccountRegistration - Clicked on Register 
20:08:38.943 [main] INFO  testCases.TC_001_AccountRegistration - Provided First Name 
20:08:39.289 [main] INFO  testCases.TC_001_AccountRegistration - Provided Last Name 
20:08:39.657 [main] INFO  testCases.TC_001_AccountRegistration - Provided Email 
20:08:39.906 [main] INFO  testCases.TC_001_AccountRegistration - Provided Telephone 
20:08:40.160 [main] INFO  testCases.TC_001_AccountRegistration - Provided Password 
20:08:40.452 [main] INFO  testCases.TC_001_AccountRegistration - Provided Confrmed Password 
20:08:40.622 [main] INFO  testCases.TC_001_AccountRegistration - Set Privacy Policy 
20:08:44.510 [main] INFO  testCases.TC_001_AccountRegistration - Clicked on Continue 
20:08:44.704 [main] INFO  testCases.TC_001_AccountRegistration - Account Registration Success 
20:08:44.713 [main] INFO  testCases.TC_001_AccountRegistration -  Finished TC_001_AccountRegistration 
20:08:48.685 [main] INFO  testCases.TC_002_Login - Launched Chrome Browser
20:08:48.747 [main] INFO  testCases.TC_002_Login -  Starting TC_002_Login 
20:08:51.714 [main] INFO  testCases.TC_002_Login - Home Page Displayed 
20:08:52.357 [main] INFO  testCases.TC_002_Login - Clicked on My Account 
20:08:53.913 [main] INFO  testCases.TC_002_Login - Clicked on Login 
20:08:54.252 [main] INFO  testCases.TC_002_Login - Provided Email 
20:08:54.507 [main] INFO  testCases.TC_002_Login -  provided password
20:08:56.117 [main] INFO  testCases.TC_002_Login - clicked on login
20:08:56.251 [main] INFO  testCases.TC_002_Login - login sucess
20:08:56.252 [main] INFO  testCases.TC_002_Login - Finished TC_002_Login 
18:26:10.736 [main] INFO  testCases.TC_001_AccountRegistration - Launched Chrome Browser
18:26:10.953 [main] INFO  testCases.TC_001_AccountRegistration -  Starting TC_001_AccountRegistration 
18:26:20.566 [main] FATAL testCases.TC_001_AccountRegistration - Account Registration Failed 
18:26:25.168 [main] INFO  testCases.TC_002_Login - Launched Chrome Browser
18:26:25.185 [main] INFO  testCases.TC_002_Login -  Starting TC_002_Login 
18:26:34.519 [main] ERROR testCases.TC_002_Login - Login Failed 
20:10:38.698 [main] INFO  testCases.TC_001_AccountRegistration - Launched Chrome Browser
20:10:38.902 [main] INFO  testCases.TC_001_AccountRegistration -  Starting TC_001_AccountRegistration 
20:11:12.439 [main] INFO  testCases.TC_001_AccountRegistration - Home Page Displayed 
20:11:15.263 [main] INFO  testCases.TC_001_AccountRegistration - Clicked on My Account 
20:11:25.139 [main] INFO  testCases.TC_001_AccountRegistration - Clicked on Register 
20:11:25.963 [main] INFO  testCases.TC_001_AccountRegistration - Provided First Name 
20:11:26.558 [main] INFO  testCases.TC_001_AccountRegistration - Provided Last Name 
20:11:27.369 [main] INFO  testCases.TC_001_AccountRegistration - Provided Email 
20:11:28.170 [main] INFO  testCases.TC_001_AccountRegistration - Provided Telephone 
20:11:28.953 [main] INFO  testCases.TC_001_AccountRegistration - Provided Password 
20:11:29.512 [main] INFO  testCases.TC_001_AccountRegistration - Provided Confrmed Password 
20:11:29.994 [main] INFO  testCases.TC_001_AccountRegistration - Set Privacy Policy 
20:11:37.625 [main] INFO  testCases.TC_001_AccountRegistration - Clicked on Continue 
20:11:37.825 [main] INFO  testCases.TC_001_AccountRegistration - Account Registration Success 
20:11:37.831 [main] INFO  testCases.TC_001_AccountRegistration -  Finished TC_001_AccountRegistration 
20:11:48.398 [main] INFO  testCases.TC_002_Login - Launched Chrome Browser
20:11:48.509 [main] INFO  testCases.TC_002_Login -  Starting TC_002_Login 
20:11:57.577 [main] INFO  testCases.TC_002_Login - Home Page Displayed 
20:11:58.687 [main] INFO  testCases.TC_002_Login - Clicked on My Account 
20:12:04.216 [main] INFO  testCases.TC_002_Login - Clicked on Login 
20:12:05.066 [main] INFO  testCases.TC_002_Login - Provided Email 
20:12:05.619 [main] INFO  testCases.TC_002_Login -  provided password
20:12:09.594 [main] INFO  testCases.TC_002_Login - clicked on login
20:12:09.959 [main] INFO  testCases.TC_002_Login - login sucess
20:12:09.960 [main] INFO  testCases.TC_002_Login - Finished TC_002_Login 
20:56:26.406 [main] INFO  testCases.TC_001_AccountRegistration - Launched Chrome Browser
20:56:26.589 [main] INFO  testCases.TC_001_AccountRegistration -  Starting TC_001_AccountRegistration 
20:56:30.577 [main] INFO  testCases.TC_001_AccountRegistration - Home Page Displayed 
20:56:31.207 [main] INFO  testCases.TC_001_AccountRegistration - Clicked on My Account 
20:56:33.114 [main] INFO  testCases.TC_001_AccountRegistration - Clicked on Register 
20:56:33.398 [main] INFO  testCases.TC_001_AccountRegistration - Provided First Name 
20:56:33.677 [main] INFO  testCases.TC_001_AccountRegistration - Provided Last Name 
20:56:33.989 [main] INFO  testCases.TC_001_AccountRegistration - Provided Email 
20:56:34.272 [main] INFO  testCases.TC_001_AccountRegistration - Provided Telephone 
20:56:34.483 [main] INFO  testCases.TC_001_AccountRegistration - Provided Password 
20:56:34.802 [main] INFO  testCases.TC_001_AccountRegistration - Provided Confrmed Password 
20:56:34.940 [main] INFO  testCases.TC_001_AccountRegistration - Set Privacy Policy 
20:56:38.490 [main] INFO  testCases.TC_001_AccountRegistration - Clicked on Continue 
20:56:38.578 [main] INFO  testCases.TC_001_AccountRegistration - Account Registration Success 
20:56:38.584 [main] INFO  testCases.TC_001_AccountRegistration -  Finished TC_001_AccountRegistration 
20:56:43.152 [main] INFO  testCases.TC_002_Login - Launched Chrome Browser
20:56:43.204 [main] INFO  testCases.TC_002_Login -  Starting TC_002_Login 
20:56:46.269 [main] INFO  testCases.TC_002_Login - Home Page Displayed 
20:56:46.880 [main] INFO  testCases.TC_002_Login - Clicked on My Account 
20:56:48.517 [main] INFO  testCases.TC_002_Login - Clicked on Login 
20:56:48.881 [main] INFO  testCases.TC_002_Login - Provided Email 
20:56:49.103 [main] INFO  testCases.TC_002_Login -  provided password
20:56:50.517 [main] INFO  testCases.TC_002_Login - clicked on login
20:56:50.637 [main] INFO  testCases.TC_002_Login - login sucess
20:56:50.639 [main] INFO  testCases.TC_002_Login - Finished TC_002_Login 
20:56:54.811 [main] INFO  testCases.TC_003_LoginDDT - Launched Chrome Browser
20:57:00.699 [main] INFO  testCases.TC_003_LoginDDT -  Starting TC_003_LoginDDT 
20:57:03.488 [main] INFO  testCases.TC_003_LoginDDT - Home Page Displayed 
20:57:03.974 [main] INFO  testCases.TC_003_LoginDDT - Clicked on My Account 
20:57:05.673 [main] INFO  testCases.TC_003_LoginDDT - Clicked on Login 
20:57:06.036 [main] INFO  testCases.TC_003_LoginDDT - Provided Email 
20:57:06.287 [main] INFO  testCases.TC_003_LoginDDT - Provided Password 
20:57:07.841 [main] INFO  testCases.TC_003_LoginDDT - Clicked on Login
20:57:08.012 [main] INFO  testCases.TC_003_LoginDDT - Login Success 
20:57:09.921 [main] INFO  testCases.TC_003_LoginDDT -  Finished TC_003_LoginDDT 
20:57:09.924 [main] INFO  testCases.TC_003_LoginDDT -  Starting TC_003_LoginDDT 
20:57:11.561 [main] INFO  testCases.TC_003_LoginDDT - Home Page Displayed 
20:57:11.771 [main] INFO  testCases.TC_003_LoginDDT - Clicked on My Account 
20:57:13.257 [main] INFO  testCases.TC_003_LoginDDT - Clicked on Login 
20:57:13.668 [main] INFO  testCases.TC_003_LoginDDT - Provided Email 
20:57:13.980 [main] INFO  testCases.TC_003_LoginDDT - Provided Password 
20:57:15.298 [main] INFO  testCases.TC_003_LoginDDT - Clicked on Login
20:57:25.420 [main] ERROR testCases.TC_003_LoginDDT - Login Failed 
20:57:25.420 [main] INFO  testCases.TC_003_LoginDDT -  Finished TC_003_LoginDDT 
20:57:25.423 [main] INFO  testCases.TC_003_LoginDDT -  Starting TC_003_LoginDDT 
20:57:28.059 [main] INFO  testCases.TC_003_LoginDDT - Home Page Displayed 
20:57:28.375 [main] INFO  testCases.TC_003_LoginDDT - Clicked on My Account 
20:57:30.463 [main] INFO  testCases.TC_003_LoginDDT - Clicked on Login 
20:57:31.095 [main] INFO  testCases.TC_003_LoginDDT - Provided Email 
20:57:31.432 [main] INFO  testCases.TC_003_LoginDDT - Provided Password 
20:57:33.427 [main] INFO  testCases.TC_003_LoginDDT - Clicked on Login
20:57:43.517 [main] ERROR testCases.TC_003_LoginDDT - Login Failed 
20:57:43.518 [main] INFO  testCases.TC_003_LoginDDT -  Finished TC_003_LoginDDT 
20:57:43.521 [main] INFO  testCases.TC_003_LoginDDT -  Starting TC_003_LoginDDT 
20:57:45.507 [main] INFO  testCases.TC_003_LoginDDT - Home Page Displayed 
20:57:45.846 [main] INFO  testCases.TC_003_LoginDDT - Clicked on My Account 
20:57:47.837 [main] INFO  testCases.TC_003_LoginDDT - Clicked on Login 
20:57:48.283 [main] INFO  testCases.TC_003_LoginDDT - Provided Email 
20:57:48.544 [main] INFO  testCases.TC_003_LoginDDT - Provided Password 
20:57:50.128 [main] INFO  testCases.TC_003_LoginDDT - Clicked on Login
20:58:00.339 [main] ERROR testCases.TC_003_LoginDDT - Login Failed 
20:58:00.340 [main] INFO  testCases.TC_003_LoginDDT -  Finished TC_003_LoginDDT 
21:59:08.966 [main] INFO  testCases.TC_001_AccountRegistration - Launched Chrome Browser
21:59:09.122 [main] INFO  testCases.TC_001_AccountRegistration -  Starting TC_001_AccountRegistration 
21:59:12.462 [main] INFO  testCases.TC_001_AccountRegistration - Home Page Displayed 
21:59:13.107 [main] INFO  testCases.TC_001_AccountRegistration - Clicked on My Account 
21:59:14.679 [main] INFO  testCases.TC_001_AccountRegistration - Clicked on Register 
21:59:15.008 [main] INFO  testCases.TC_001_AccountRegistration - Provided First Name 
21:59:15.295 [main] INFO  testCases.TC_001_AccountRegistration - Provided Last Name 
21:59:15.605 [main] INFO  testCases.TC_001_AccountRegistration - Provided Email 
21:59:15.880 [main] INFO  testCases.TC_001_AccountRegistration - Provided Telephone 
21:59:16.117 [main] INFO  testCases.TC_001_AccountRegistration - Provided Password 
21:59:16.415 [main] INFO  testCases.TC_001_AccountRegistration - Provided Confrmed Password 
21:59:16.555 [main] INFO  testCases.TC_001_AccountRegistration - Set Privacy Policy 
21:59:20.163 [main] INFO  testCases.TC_001_AccountRegistration - Clicked on Continue 
21:59:20.301 [main] INFO  testCases.TC_001_AccountRegistration - Account Registration Success 
21:59:20.305 [main] INFO  testCases.TC_001_AccountRegistration -  Finished TC_001_AccountRegistration 
21:59:24.744 [main] INFO  testCases.TC_002_Login - Launched Chrome Browser
21:59:24.800 [main] INFO  testCases.TC_002_Login -  Starting TC_002_Login 
21:59:27.868 [main] INFO  testCases.TC_002_Login - Home Page Displayed 
21:59:28.355 [main] INFO  testCases.TC_002_Login - Clicked on My Account 
21:59:29.637 [main] INFO  testCases.TC_002_Login - Clicked on Login 
21:59:30.044 [main] INFO  testCases.TC_002_Login - Provided Email 
21:59:30.270 [main] INFO  testCases.TC_002_Login -  provided password
21:59:31.612 [main] INFO  testCases.TC_002_Login - clicked on login
21:59:31.742 [main] INFO  testCases.TC_002_Login - login sucess
21:59:31.743 [main] INFO  testCases.TC_002_Login - Finished TC_002_Login 
21:59:36.099 [main] INFO  testCases.TC_003_LoginDDT - Launched Chrome Browser
21:59:41.596 [main] INFO  testCases.TC_003_LoginDDT -  Starting TC_003_LoginDDT 
21:59:43.791 [main] INFO  testCases.TC_003_LoginDDT - Home Page Displayed 
21:59:44.300 [main] INFO  testCases.TC_003_LoginDDT - Clicked on My Account 
21:59:45.829 [main] INFO  testCases.TC_003_LoginDDT - Clicked on Login 
21:59:46.234 [main] INFO  testCases.TC_003_LoginDDT - Provided Email 
21:59:46.517 [main] INFO  testCases.TC_003_LoginDDT - Provided Password 
21:59:48.596 [main] INFO  testCases.TC_003_LoginDDT - Clicked on Login
21:59:48.709 [main] INFO  testCases.TC_003_LoginDDT - Login Success 
21:59:50.178 [main] INFO  testCases.TC_003_LoginDDT -  Finished TC_003_LoginDDT 
21:59:50.219 [main] INFO  testCases.TC_003_LoginDDT -  Starting TC_003_LoginDDT 
21:59:51.592 [main] INFO  testCases.TC_003_LoginDDT - Home Page Displayed 
21:59:51.966 [main] INFO  testCases.TC_003_LoginDDT - Clicked on My Account 
21:59:53.487 [main] INFO  testCases.TC_003_LoginDDT - Clicked on Login 
21:59:53.962 [main] INFO  testCases.TC_003_LoginDDT - Provided Email 
21:59:54.202 [main] INFO  testCases.TC_003_LoginDDT - Provided Password 
21:59:55.512 [main] INFO  testCases.TC_003_LoginDDT - Clicked on Login
22:00:05.685 [main] ERROR testCases.TC_003_LoginDDT - Login Failed 
22:00:05.685 [main] INFO  testCases.TC_003_LoginDDT -  Finished TC_003_LoginDDT 
22:00:05.750 [main] INFO  testCases.TC_003_LoginDDT -  Starting TC_003_LoginDDT 
22:00:08.748 [main] INFO  testCases.TC_003_LoginDDT - Home Page Displayed 
22:00:09.075 [main] INFO  testCases.TC_003_LoginDDT - Clicked on My Account 
22:00:11.871 [main] INFO  testCases.TC_003_LoginDDT - Clicked on Login 
22:00:12.598 [main] INFO  testCases.TC_003_LoginDDT - Provided Email 
22:00:13.147 [main] INFO  testCases.TC_003_LoginDDT - Provided Password 
22:00:16.189 [main] INFO  testCases.TC_003_LoginDDT - Clicked on Login
22:00:26.282 [main] ERROR testCases.TC_003_LoginDDT - Login Failed 
22:00:26.282 [main] INFO  testCases.TC_003_LoginDDT -  Finished TC_003_LoginDDT 
22:00:26.299 [main] INFO  testCases.TC_003_LoginDDT -  Starting TC_003_LoginDDT 
22:00:27.946 [main] INFO  testCases.TC_003_LoginDDT - Home Page Displayed 
22:00:28.237 [main] INFO  testCases.TC_003_LoginDDT - Clicked on My Account 
22:00:29.454 [main] INFO  testCases.TC_003_LoginDDT - Clicked on Login 
22:00:29.787 [main] INFO  testCases.TC_003_LoginDDT - Provided Email 
22:00:29.981 [main] INFO  testCases.TC_003_LoginDDT - Provided Password 
22:00:31.096 [main] INFO  testCases.TC_003_LoginDDT - Clicked on Login
22:00:41.146 [main] ERROR testCases.TC_003_LoginDDT - Login Failed 
22:00:41.146 [main] INFO  testCases.TC_003_LoginDDT -  Finished TC_003_LoginDDT 
22:01:39.135 [main] INFO  testCases.TC_001_AccountRegistration - Launched Chrome Browser
22:01:39.310 [main] INFO  testCases.TC_001_AccountRegistration -  Starting TC_001_AccountRegistration 
22:01:41.631 [main] INFO  testCases.TC_001_AccountRegistration - Home Page Displayed 
22:01:42.422 [main] INFO  testCases.TC_001_AccountRegistration - Clicked on My Account 
22:01:44.310 [main] INFO  testCases.TC_001_AccountRegistration - Clicked on Register 
22:01:44.626 [main] INFO  testCases.TC_001_AccountRegistration - Provided First Name 
22:01:44.891 [main] INFO  testCases.TC_001_AccountRegistration - Provided Last Name 
22:01:45.197 [main] INFO  testCases.TC_001_AccountRegistration - Provided Email 
22:01:45.430 [main] INFO  testCases.TC_001_AccountRegistration - Provided Telephone 
22:01:45.694 [main] INFO  testCases.TC_001_AccountRegistration - Provided Password 
22:01:46.007 [main] INFO  testCases.TC_001_AccountRegistration - Provided Confrmed Password 
22:01:46.188 [main] INFO  testCases.TC_001_AccountRegistration - Set Privacy Policy 
22:01:49.811 [main] INFO  testCases.TC_001_AccountRegistration - Clicked on Continue 
22:01:49.930 [main] INFO  testCases.TC_001_AccountRegistration - Account Registration Success 
22:01:49.935 [main] INFO  testCases.TC_001_AccountRegistration -  Finished TC_001_AccountRegistration 
22:01:54.926 [main] INFO  testCases.TC_002_Login - Launched Chrome Browser
22:01:54.941 [main] INFO  testCases.TC_002_Login -  Starting TC_002_Login 
22:01:57.331 [main] INFO  testCases.TC_002_Login - Home Page Displayed 
22:01:57.892 [main] INFO  testCases.TC_002_Login - Clicked on My Account 
22:01:59.244 [main] INFO  testCases.TC_002_Login - Clicked on Login 
22:01:59.732 [main] INFO  testCases.TC_002_Login - Provided Email 
22:01:59.980 [main] INFO  testCases.TC_002_Login -  provided password
22:02:01.440 [main] INFO  testCases.TC_002_Login - clicked on login
22:02:01.682 [main] INFO  testCases.TC_002_Login - login sucess
22:02:01.683 [main] INFO  testCases.TC_002_Login - Finished TC_002_Login 
22:02:06.204 [main] INFO  testCases.TC_003_LoginDDT - Launched Chrome Browser
22:02:11.490 [main] INFO  testCases.TC_003_LoginDDT -  Starting TC_003_LoginDDT 
22:02:14.528 [main] INFO  testCases.TC_003_LoginDDT - Home Page Displayed 
22:02:15.263 [main] INFO  testCases.TC_003_LoginDDT - Clicked on My Account 
22:02:16.599 [main] INFO  testCases.TC_003_LoginDDT - Clicked on Login 
22:02:16.980 [main] INFO  testCases.TC_003_LoginDDT - Provided Email 
22:02:17.280 [main] INFO  testCases.TC_003_LoginDDT - Provided Password 
22:02:19.029 [main] INFO  testCases.TC_003_LoginDDT - Clicked on Login
22:02:19.238 [main] INFO  testCases.TC_003_LoginDDT - Login Success 
22:02:20.971 [main] INFO  testCases.TC_003_LoginDDT -  Finished TC_003_LoginDDT 
22:02:20.979 [main] INFO  testCases.TC_003_LoginDDT -  Starting TC_003_LoginDDT 
22:02:22.448 [main] INFO  testCases.TC_003_LoginDDT - Home Page Displayed 
22:02:22.744 [main] INFO  testCases.TC_003_LoginDDT - Clicked on My Account 
22:02:24.154 [main] INFO  testCases.TC_003_LoginDDT - Clicked on Login 
22:02:24.611 [main] INFO  testCases.TC_003_LoginDDT - Provided Email 
22:02:24.846 [main] INFO  testCases.TC_003_LoginDDT - Provided Password 
22:02:26.169 [main] INFO  testCases.TC_003_LoginDDT - Clicked on Login
22:02:36.293 [main] ERROR testCases.TC_003_LoginDDT - Login Failed 
22:02:36.294 [main] INFO  testCases.TC_003_LoginDDT -  Finished TC_003_LoginDDT 
22:02:36.302 [main] INFO  testCases.TC_003_LoginDDT -  Starting TC_003_LoginDDT 
22:02:39.968 [main] INFO  testCases.TC_003_LoginDDT - Home Page Displayed 
22:02:40.416 [main] INFO  testCases.TC_003_LoginDDT - Clicked on My Account 
22:02:43.040 [main] INFO  testCases.TC_003_LoginDDT - Clicked on Login 
22:02:43.834 [main] INFO  testCases.TC_003_LoginDDT - Provided Email 
22:02:44.194 [main] INFO  testCases.TC_003_LoginDDT - Provided Password 
22:02:47.348 [main] INFO  testCases.TC_003_LoginDDT - Clicked on Login
22:02:57.431 [main] ERROR testCases.TC_003_LoginDDT - Login Failed 
22:02:57.431 [main] INFO  testCases.TC_003_LoginDDT -  Finished TC_003_LoginDDT 
22:02:57.434 [main] INFO  testCases.TC_003_LoginDDT -  Starting TC_003_LoginDDT 
22:02:58.605 [main] INFO  testCases.TC_003_LoginDDT - Home Page Displayed 
22:02:58.842 [main] INFO  testCases.TC_003_LoginDDT - Clicked on My Account 
22:03:00.143 [main] INFO  testCases.TC_003_LoginDDT - Clicked on Login 
22:03:00.493 [main] INFO  testCases.TC_003_LoginDDT - Provided Email 
22:03:00.673 [main] INFO  testCases.TC_003_LoginDDT - Provided Password 
22:03:01.877 [main] INFO  testCases.TC_003_LoginDDT - Clicked on Login
22:03:11.981 [main] ERROR testCases.TC_003_LoginDDT - Login Failed 
22:03:11.981 [main] INFO  testCases.TC_003_LoginDDT -  Finished TC_003_LoginDDT 
13:15:19.326 [main] INFO  testCases.TC_001_AccountRegistration - Launched Chrome Browser
13:15:19.812 [main] INFO  testCases.TC_001_AccountRegistration -  Starting TC_001_AccountRegistration 
13:15:24.523 [main] INFO  testCases.TC_001_AccountRegistration - Home Page Displayed 
13:15:25.208 [main] INFO  testCases.TC_001_AccountRegistration - Clicked on My Account 
13:15:28.564 [main] INFO  testCases.TC_001_AccountRegistration - Clicked on Register 
13:15:29.105 [main] INFO  testCases.TC_001_AccountRegistration - Provided First Name 
13:15:29.385 [main] INFO  testCases.TC_001_AccountRegistration - Provided Last Name 
13:15:29.748 [main] INFO  testCases.TC_001_AccountRegistration - Provided Email 
13:15:30.063 [main] INFO  testCases.TC_001_AccountRegistration - Provided Telephone 
13:15:30.316 [main] INFO  testCases.TC_001_AccountRegistration - Provided Password 
13:15:30.668 [main] INFO  testCases.TC_001_AccountRegistration - Provided Confrmed Password 
13:15:30.842 [main] INFO  testCases.TC_001_AccountRegistration - Set Privacy Policy 
13:15:35.017 [main] INFO  testCases.TC_001_AccountRegistration - Clicked on Continue 
13:15:35.132 [main] INFO  testCases.TC_001_AccountRegistration - Account Registration Success 
13:15:35.138 [main] INFO  testCases.TC_001_AccountRegistration -  Finished TC_001_AccountRegistration 
13:15:40.366 [main] INFO  testCases.TC_002_Login - Launched Chrome Browser
13:15:40.399 [main] INFO  testCases.TC_002_Login -  Starting TC_002_Login 
13:15:43.516 [main] INFO  testCases.TC_002_Login - Home Page Displayed 
13:15:43.967 [main] INFO  testCases.TC_002_Login - Clicked on My Account 
13:15:45.505 [main] INFO  testCases.TC_002_Login - Clicked on Login 
13:15:45.904 [main] INFO  testCases.TC_002_Login - Provided Email 
13:15:46.151 [main] INFO  testCases.TC_002_Login -  provided password
13:15:47.578 [main] INFO  testCases.TC_002_Login - clicked on login
13:15:47.755 [main] INFO  testCases.TC_002_Login - login sucess
13:15:47.756 [main] INFO  testCases.TC_002_Login - Finished TC_002_Login 
13:15:51.791 [main] INFO  testCases.TC_003_LoginDDT - Launched Chrome Browser
13:15:57.739 [main] INFO  testCases.TC_003_LoginDDT -  Starting TC_003_LoginDDT 
13:15:59.939 [main] INFO  testCases.TC_003_LoginDDT - Home Page Displayed 
13:16:00.459 [main] INFO  testCases.TC_003_LoginDDT - Clicked on My Account 
13:16:02.045 [main] INFO  testCases.TC_003_LoginDDT - Clicked on Login 
13:16:02.393 [main] INFO  testCases.TC_003_LoginDDT - Provided Email 
13:16:02.704 [main] INFO  testCases.TC_003_LoginDDT - Provided Password 
13:16:04.167 [main] INFO  testCases.TC_003_LoginDDT - Clicked on Login
13:16:04.358 [main] INFO  testCases.TC_003_LoginDDT - Login Success 
13:16:05.927 [main] INFO  testCases.TC_003_LoginDDT -  Finished TC_003_LoginDDT 
13:16:05.933 [main] INFO  testCases.TC_003_LoginDDT -  Starting TC_003_LoginDDT 
13:16:07.818 [main] INFO  testCases.TC_003_LoginDDT - Home Page Displayed 
13:16:08.075 [main] INFO  testCases.TC_003_LoginDDT - Clicked on My Account 
13:16:09.576 [main] INFO  testCases.TC_003_LoginDDT - Clicked on Login 
13:16:10.025 [main] INFO  testCases.TC_003_LoginDDT - Provided Email 
13:16:10.256 [main] INFO  testCases.TC_003_LoginDDT - Provided Password 
13:16:11.638 [main] INFO  testCases.TC_003_LoginDDT - Clicked on Login
13:16:21.827 [main] ERROR testCases.TC_003_LoginDDT - Login Failed 
13:16:21.827 [main] INFO  testCases.TC_003_LoginDDT -  Finished TC_003_LoginDDT 
13:16:21.830 [main] INFO  testCases.TC_003_LoginDDT -  Starting TC_003_LoginDDT 
13:16:31.010 [main] INFO  testCases.TC_003_LoginDDT - Home Page Displayed 
13:16:31.909 [main] INFO  testCases.TC_003_LoginDDT - Clicked on My Account 
13:16:39.400 [main] INFO  testCases.TC_003_LoginDDT - Clicked on Login 
13:16:39.939 [main] INFO  testCases.TC_003_LoginDDT - Provided Email 
13:16:40.611 [main] INFO  testCases.TC_003_LoginDDT - Provided Password 
13:16:43.027 [main] INFO  testCases.TC_003_LoginDDT - Clicked on Login
13:16:53.278 [main] ERROR testCases.TC_003_LoginDDT - Login Failed 
13:16:53.278 [main] INFO  testCases.TC_003_LoginDDT -  Finished TC_003_LoginDDT 
13:16:53.307 [main] INFO  testCases.TC_003_LoginDDT -  Starting TC_003_LoginDDT 
13:16:55.533 [main] INFO  testCases.TC_003_LoginDDT - Home Page Displayed 
13:16:55.717 [main] INFO  testCases.TC_003_LoginDDT - Clicked on My Account 
13:16:58.396 [main] INFO  testCases.TC_003_LoginDDT - Clicked on Login 
13:16:58.928 [main] INFO  testCases.TC_003_LoginDDT - Provided Email 
13:16:59.294 [main] INFO  testCases.TC_003_LoginDDT - Provided Password 
13:17:01.467 [main] INFO  testCases.TC_003_LoginDDT - Clicked on Login
13:17:11.527 [main] ERROR testCases.TC_003_LoginDDT - Login Failed 
13:17:11.528 [main] INFO  testCases.TC_003_LoginDDT -  Finished TC_003_LoginDDT 
17:36:54.996 [main] INFO  testCases.TC_001_AccountRegistration - Launched Chrome Browser
17:36:55.294 [main] INFO  testCases.TC_001_AccountRegistration -  Starting TC_001_AccountRegistration 
17:37:05.439 [main] FATAL testCases.TC_001_AccountRegistration - Account Registration Failed 
17:37:21.670 [main] INFO  testCases.TC_002_Login - Launched Chrome Browser
17:37:21.738 [main] INFO  testCases.TC_002_Login -  Starting TC_002_Login 
17:37:33.970 [main] ERROR testCases.TC_002_Login - Login Failed 
17:37:48.460 [main] INFO  testCases.TC_003_LoginDDT - Launched Chrome Browser
17:37:59.070 [main] INFO  testCases.TC_003_LoginDDT -  Starting TC_003_LoginDDT 
17:40:25.587 [main] INFO  testCases.TC_002_Login - Launched Chrome Browser
17:40:25.930 [main] INFO  testCases.TC_002_Login -  Starting TC_002_Login 
17:40:39.129 [main] INFO  testCases.TC_002_Login - Home Page Displayed 
17:40:39.826 [main] INFO  testCases.TC_002_Login - Clicked on My Account 
17:40:41.523 [main] INFO  testCases.TC_002_Login - Clicked on Login 
17:40:41.937 [main] INFO  testCases.TC_002_Login - Provided Email 
17:40:42.237 [main] INFO  testCases.TC_002_Login -  provided password
17:40:44.823 [main] INFO  testCases.TC_002_Login - clicked on login
17:40:45.036 [main] INFO  testCases.TC_002_Login - login sucess
17:40:45.044 [main] INFO  testCases.TC_002_Login - Finished TC_002_Login 
